<?xml version="1.0" encoding="UTF-8"?>
<!-- Generated by org.testng.reporters.JUnitXMLReporter -->
<testsuite ignored="0" hostname="DESKTOP-BBVGNLM" failures="1" tests="1" name="Add Manager Login Test" time="0.006" errors="0" timestamp="2020-10-07T08:20:49 IST">
  <testcase classname="com.w2a.BaseClass.AddCustomerTest" name="addCustomer" time="0.0">
    <failure type="org.testng.TestNGException" message="
Cannot inject @Test annotated Method [addCustomer] with [class java.lang.String, class java.lang.String, class java.lang.String].
For more information on native dependency injection please refer to https://testng.org/doc/documentation-main.html#native-dependency-injection">
      <![CDATA[org.testng.TestNGException: 
Cannot inject @Test annotated Method [addCustomer] with [class java.lang.String, class java.lang.String, class java.lang.String].
For more information on native dependency injection please refer to https://testng.org/doc/documentation-main.html#native-dependency-injection
at java.base/java.util.ArrayList.forEach(ArrayList.java:1511)
... Removed 26 stack frames]]>
    </failure>
  </testcase> <!-- addCustomer -->
</testsuite> <!-- Add Manager Login Test -->
