<?xml version="1.0" encoding="UTF-8"?>
<!-- Generated by org.testng.reporters.JUnitXMLReporter -->
<testsuite ignored="0" hostname="DESKTOP-BBVGNLM" failures="1" tests="1" name="Bamk Manager Login Test" time="0.031" errors="0" timestamp="2020-10-07T08:20:49 IST">
  <testcase classname="com.w2a.TestCases.BankManagerloginTest" name="loginAsBankManaget" time="0.008">
    <failure type="java.lang.IllegalArgumentException" message="Cannot find elements when the XPath is null.">
      <![CDATA[java.lang.IllegalArgumentException: Cannot find elements when the XPath is null.
at org.openqa.selenium.By$ByXPath.<init>(By.java:339)
at org.openqa.selenium.By.xpath(By.java:92)
at com.w2a.TestCases.BankManagerloginTest.loginAsBankManaget(BankManagerloginTest.java:13)
at java.base/java.util.ArrayList.forEach(ArrayList.java:1511)
... Removed 27 stack frames]]>
    </failure>
  </testcase> <!-- loginAsBankManaget -->
</testsuite> <!-- Bamk Manager Login Test -->
