<?xml version="1.0" encoding="UTF-8"?>
<!-- Generated by org.testng.reporters.JUnitXMLReporter -->
<testsuite ignored="2" hostname="DESKTOP-BBVGNLM" failures="2" tests="2" name="BankManagerLoginTest" time="0.034" errors="0" timestamp="2020-10-07T08:55:14 IST">
  <testcase classname="com.w2a.TestCases.BankManagerloginTest" name="loginAsBankManaget" time="0.006">
    <failure type="java.lang.IllegalArgumentException" message="Cannot find elements when the XPath is null.">
      <![CDATA[java.lang.IllegalArgumentException: Cannot find elements when the XPath is null.
at org.openqa.selenium.By$ByXPath.<init>(By.java:339)
at org.openqa.selenium.By.xpath(By.java:92)
at com.w2a.TestCases.BankManagerloginTest.loginAsBankManaget(BankManagerloginTest.java:13)
at java.base/java.util.ArrayList.forEach(ArrayList.java:1511)
... Removed 27 stack frames]]>
    </failure>
  </testcase> <!-- loginAsBankManaget -->
  <testcase classname="com.w2a.BaseClass.AddCustomerTest" name="addCustomer" time="0.001">
    <failure type="java.lang.IllegalArgumentException" message="Cannot find elements when the XPath is null.">
      <![CDATA[java.lang.IllegalArgumentException: Cannot find elements when the XPath is null.
at org.openqa.selenium.By$ByXPath.<init>(By.java:339)
at org.openqa.selenium.By.xpath(By.java:92)
at com.w2a.BaseClass.AddCustomerTest.addCustomer(AddCustomerTest.java:13)
at java.base/java.util.ArrayList.forEach(ArrayList.java:1511)
... Removed 27 stack frames]]>
    </failure>
  </testcase> <!-- addCustomer -->
  <testcase classname="com.w2a.BaseClass.TestBase" name="@BeforeSuite startup" time="0.0">
    <ignored/>
  </testcase> <!-- @BeforeSuite startup -->
  <testcase classname="com.w2a.BaseClass.TestBase" name="@AfterSuite tearDown" time="0.0">
    <ignored/>
  </testcase> <!-- @AfterSuite tearDown -->
</testsuite> <!-- BankManagerLoginTest -->
