<?xml version="1.0" encoding="UTF-8"?>
<testng-results ignored="0" total="2" passed="2" failed="0" skipped="0">
  <reporter-output>
  </reporter-output>
  <suite started-at="2020-10-10T09:33:16 IST" name="Suite" finished-at="2020-10-10T09:34:35 IST" duration-ms="78944">
    <groups>
    </groups>
    <test started-at="2020-10-10T09:33:16 IST" name="Test" finished-at="2020-10-10T09:34:35 IST" duration-ms="78944">
      <class name="com.w2a.BaseClass.AddCustomerTest">
        <test-method is-config="true" signature="startup()[pri:0, instance:com.w2a.BaseClass.AddCustomerTest@101952da]" started-at="2020-10-10T09:33:16 IST" name="startup" finished-at="2020-10-10T09:33:46 IST" duration-ms="29728" status="PASS">
          <reporter-output>
          </reporter-output>
        </test-method> <!-- startup -->
        <test-method signature="addCustomer()[pri:1, instance:com.w2a.BaseClass.AddCustomerTest@101952da]" started-at="2020-10-10T09:33:46 IST" name="addCustomer" finished-at="2020-10-10T09:34:19 IST" duration-ms="32981" status="PASS">
          <reporter-output>
          </reporter-output>
        </test-method> <!-- addCustomer -->
        <test-method signature="CustomerPage()[pri:2, instance:com.w2a.BaseClass.AddCustomerTest@101952da]" started-at="2020-10-10T09:34:19 IST" name="CustomerPage" finished-at="2020-10-10T09:34:31 IST" duration-ms="12522" status="PASS">
          <reporter-output>
          </reporter-output>
        </test-method> <!-- CustomerPage -->
        <test-method is-config="true" signature="tearDown()[pri:0, instance:com.w2a.BaseClass.AddCustomerTest@101952da]" started-at="2020-10-10T09:34:31 IST" name="tearDown" finished-at="2020-10-10T09:34:35 IST" duration-ms="3659" status="PASS">
          <reporter-output>
          </reporter-output>
        </test-method> <!-- tearDown -->
      </class> <!-- com.w2a.BaseClass.AddCustomerTest -->
    </test> <!-- Test -->
  </suite> <!-- Suite -->
</testng-results>
